WARNING:discord.client:PyNaCl is not installed, voice will NOT be supported
WARNING:discord.client:davey is not installed, voice will NOT be supported
[2026-07-03 03:14:42] [INFO    ] discord.client: logging in using static token
INFO:discord.client:logging in using static token
INFO:rivals-discord-bot:Global command sync complete: 5 commands
INFO:rivals-discord-bot:Guild command sync complete (1366602922808578068): 5 commands
INFO:rivals-discord-bot:Command sync finished. Total synced entries: 10
[2026-07-03 03:14:44] [INFO    ] discord.gateway: Shard ID None has connected to Gateway (Session ID: bf31cf1f54c6e6b4bec1be7f629bd9f9).
INFO:discord.gateway:Shard ID None has connected to Gateway (Session ID: bf31cf1f54c6e6b4bec1be7f629bd9f9).
INFO:rivals-discord-bot:Bot online as Rivlas#3679 (1522176269976993892)
[2026-07-03 07:05:27] [INFO    ] discord.gateway: Shard ID None has successfully RESUMED session bf31cf1f54c6e6b4bec1be7f629bd9f9.
INFO:discord.gateway:Shard ID None has successfully RESUMED session bf31cf1f54c6e6b4bec1be7f629bd9f9.
[2026-07-03 09:30:10] [INFO    ] discord.gateway: Shard ID None has successfully RESUMED session bf31cf1f54c6e6b4bec1be7f629bd9f9.
INFO:discord.gateway:Shard ID None has successfully RESUMED session bf31cf1f54c6e6b4bec1be7f629bd9f9.
[2026-07-03 10:01:03] [INFO    ] discord.gateway: Shard ID None has successfully RESUMED session bf31cf1f54c6e6b4bec1be7f629bd9f9.
INFO:discord.gateway:Shard ID None has successfully RESUMED session bf31cf1f54c6e6b4bec1be7f629bd9f9.
[2026-07-03 13:30:57] [INFO    ] discord.gateway: Shard ID None has successfully RESUMED session bf31cf1f54c6e6b4bec1be7f629bd9f9.
INFO:discord.gateway:Shard ID None has successfully RESUMED session bf31cf1f54c6e6b4bec1be7f629bd9f9.
[2026-07-03 13:55:38] [INFO    ] discord.gateway: Shard ID None has successfully RESUMED session bf31cf1f54c6e6b4bec1be7f629bd9f9.
INFO:discord.gateway:Shard ID None has successfully RESUMED session bf31cf1f54c6e6b4bec1be7f629bd9f9.
[2026-07-03 16:59:12] [INFO    ] discord.gateway: Shard ID None has successfully RESUMED session bf31cf1f54c6e6b4bec1be7f629bd9f9.
INFO:discord.gateway:Shard ID None has successfully RESUMED session bf31cf1f54c6e6b4bec1be7f629bd9f9.
[2026-07-03 17:47:47] [INFO    ] discord.gateway: Shard ID None has successfully RESUMED session bf31cf1f54c6e6b4bec1be7f629bd9f9.
INFO:discord.gateway:Shard ID None has successfully RESUMED session bf31cf1f54c6e6b4bec1be7f629bd9f9.
