WARNING:discord.client:PyNaCl is not installed, voice will NOT be supported
WARNING:discord.client:davey is not installed, voice will NOT be supported
[2026-07-02 13:38:23] [INFO    ] discord.client: logging in using static token
INFO:discord.client:logging in using static token
WARNING:rivals-discord-bot:Ticket indexes init failed: localhost:27017: [WinError 10061] No connection could be made because the target machine actively refused it, Timeout: 30s, Topology Description: <TopologyDescription id: 6a463f9f6ff074bdbae09ad1, topology_type: Unknown, servers: [<ServerDescription ('localhost', 27017) server_type: Unknown, rtt: None, error=AutoReconnect('localhost:27017: [WinError 10061] No connection could be made because the target machine actively refused it')>]>
WARNING:rivals-discord-bot:Ticket categories load failed: localhost:27017: [WinError 10061] No connection could be made because the target machine actively refused it, Timeout: 30s, Topology Description: <TopologyDescription id: 6a463f9f6ff074bdbae09ad1, topology_type: Unknown, servers: [<ServerDescription ('localhost', 27017) server_type: Unknown, rtt: None, error=AutoReconnect('localhost:27017: [WinError 10061] No connection could be made because the target machine actively refused it')>]>
Traceback (most recent call last):
  File "C:\RIVALS VS\Reborn-conflict_190526_0414\Reborn-conflict_190526_0414\backend\discord_bot\bot.py", line 1088, in <module>
    bot.run(DISCORD_BOT_TOKEN)
    ~~~~~~~^^^^^^^^^^^^^^^^^^^
  File "C:\RIVALS VS\Reborn-conflict_190526_0414\Reborn-conflict_190526_0414\.venv\Lib\site-packages\discord\client.py", line 933, in run
    asyncio.run(runner())
    ~~~~~~~~~~~^^^^^^^^^^
  File "C:\Users\m305\AppData\Local\Python\pythoncore-3.14-64\Lib\asyncio\runners.py", line 204, in run
    return runner.run(main)
           ~~~~~~~~~~^^^^^^
  File "C:\Users\m305\AppData\Local\Python\pythoncore-3.14-64\Lib\asyncio\runners.py", line 127, in run
    return self._loop.run_until_complete(task)
           ~~~~~~~~~~~~~~~~~~~~~~~~~~~~~^^^^^^
  File "C:\Users\m305\AppData\Local\Python\pythoncore-3.14-64\Lib\asyncio\base_events.py", line 719, in run_until_complete
    return future.result()
           ~~~~~~~~~~~~~^^
  File "C:\RIVALS VS\Reborn-conflict_190526_0414\Reborn-conflict_190526_0414\.venv\Lib\site-packages\discord\client.py", line 922, in runner
    await self.start(token, reconnect=reconnect)
  File "C:\RIVALS VS\Reborn-conflict_190526_0414\Reborn-conflict_190526_0414\.venv\Lib\site-packages\discord\client.py", line 851, in start
    await self.connect(reconnect=reconnect)
  File "C:\RIVALS VS\Reborn-conflict_190526_0414\Reborn-conflict_190526_0414\.venv\Lib\site-packages\discord\client.py", line 775, in connect
    raise PrivilegedIntentsRequired(exc.shard_id) from None
discord.errors.PrivilegedIntentsRequired: Shard ID None is requesting privileged intents that have not been explicitly enabled in the developer portal. It is recommended to go to https://discord.com/developers/applications/ and explicitly enable the privileged intents within your application's page. If this is not possible, then consider disabling the privileged intents instead.
